2017-08-31 11:47:58,139 : DEBUG : Starting...
2017-08-31 11:47:58,140 : INFO : iteration: 100
2017-08-31 11:47:58,141 : INFO : iteration: 99
2017-08-31 11:47:58,141 : INFO : iteration: 98
2017-08-31 11:47:58,142 : INFO : iteration: 97
2017-08-31 11:47:58,142 : INFO : iteration: 96
2017-08-31 11:47:58,143 : INFO : iteration: 95
2017-08-31 11:47:58,144 : INFO : iteration: 94
2017-08-31 11:47:58,144 : INFO : iteration: 93
2017-08-31 11:47:58,145 : INFO : iteration: 92
2017-08-31 11:47:58,145 : INFO : iteration: 91
2017-08-31 11:47:58,146 : INFO : iteration: 90
2017-08-31 11:47:58,147 : INFO : iteration: 89
2017-08-31 11:47:58,147 : INFO : iteration: 88
2017-08-31 11:47:58,148 : INFO : iteration: 87
2017-08-31 11:47:58,148 : INFO : iteration: 86
2017-08-31 11:47:58,149 : INFO : iteration: 85
2017-08-31 11:47:58,149 : INFO : iteration: 84
2017-08-31 11:47:58,150 : INFO : iteration: 83
2017-08-31 11:47:58,151 : INFO : iteration: 82
2017-08-31 11:47:58,151 : INFO : iteration: 81
2017-08-31 11:47:58,152 : INFO : iteration: 80
2017-08-31 11:47:58,152 : INFO : iteration: 79
2017-08-31 11:47:58,153 : INFO : iteration: 78
2017-08-31 11:47:58,153 : INFO : iteration: 77
2017-08-31 11:47:58,154 : INFO : iteration: 76
2017-08-31 11:47:58,155 : INFO : iteration: 75
2017-08-31 11:47:58,155 : INFO : iteration: 74
2017-08-31 11:47:58,156 : INFO : iteration: 73
2017-08-31 11:47:58,156 : INFO : iteration: 72
2017-08-31 11:47:58,157 : INFO : iteration: 71
2017-08-31 11:47:58,158 : INFO : iteration: 70
2017-08-31 11:47:58,158 : INFO : iteration: 69
2017-08-31 11:47:58,159 : INFO : iteration: 68
2017-08-31 11:47:58,159 : INFO : iteration: 67
2017-08-31 11:47:58,160 : INFO : iteration: 66
2017-08-31 11:47:58,160 : INFO : iteration: 65
2017-08-31 11:47:58,161 : INFO : iteration: 64
2017-08-31 11:47:58,162 : INFO : iteration: 63
2017-08-31 11:47:58,162 : INFO : iteration: 62
2017-08-31 11:47:58,163 : INFO : iteration: 61
2017-08-31 11:47:58,163 : INFO : iteration: 60
2017-08-31 11:47:58,164 : INFO : iteration: 59
2017-08-31 11:47:58,165 : INFO : iteration: 58
2017-08-31 11:47:58,165 : INFO : iteration: 57
2017-08-31 11:47:58,166 : INFO : iteration: 56
2017-08-31 11:47:58,166 : INFO : iteration: 55
2017-08-31 11:47:58,167 : INFO : iteration: 54
2017-08-31 11:47:58,167 : INFO : iteration: 53
2017-08-31 11:47:58,168 : INFO : iteration: 52
2017-08-31 11:47:58,168 : INFO : iteration: 51
2017-08-31 11:47:58,169 : INFO : iteration: 50
2017-08-31 11:47:58,170 : WARNING : half the way
2017-08-31 11:47:58,170 : INFO : iteration: 49
2017-08-31 11:47:58,171 : INFO : iteration: 48
2017-08-31 11:47:58,171 : INFO : iteration: 47
2017-08-31 11:47:58,172 : INFO : iteration: 46
2017-08-31 11:47:58,172 : INFO : iteration: 45
2017-08-31 11:47:58,173 : INFO : iteration: 44
2017-08-31 11:47:58,173 : INFO : iteration: 43
2017-08-31 11:47:58,174 : INFO : iteration: 42
2017-08-31 11:47:58,175 : INFO : iteration: 41
2017-08-31 11:47:58,175 : INFO : iteration: 40
2017-08-31 11:47:58,176 : INFO : iteration: 39
2017-08-31 11:47:58,176 : INFO : iteration: 38
2017-08-31 11:47:58,177 : INFO : iteration: 37
2017-08-31 11:47:58,177 : INFO : iteration: 36
2017-08-31 11:47:58,178 : INFO : iteration: 35
2017-08-31 11:47:58,178 : INFO : iteration: 34
2017-08-31 11:47:58,179 : INFO : iteration: 33
2017-08-31 11:47:58,179 : INFO : iteration: 32
2017-08-31 11:47:58,180 : INFO : iteration: 31
2017-08-31 11:47:58,181 : INFO : iteration: 30
2017-08-31 11:47:58,181 : INFO : iteration: 29
2017-08-31 11:47:58,182 : INFO : iteration: 28
2017-08-31 11:47:58,182 : INFO : iteration: 27
2017-08-31 11:47:58,183 : INFO : iteration: 26
2017-08-31 11:47:58,183 : INFO : iteration: 25
2017-08-31 11:47:58,184 : CRITICAL : A critical message at 25
2017-08-31 11:47:58,184 : INFO : iteration: 24
2017-08-31 11:47:58,185 : INFO : iteration: 23
2017-08-31 11:47:58,186 : INFO : iteration: 22
2017-08-31 11:47:58,186 : INFO : iteration: 21
2017-08-31 11:47:58,187 : INFO : iteration: 20
2017-08-31 11:47:58,187 : INFO : iteration: 19
2017-08-31 11:47:58,188 : INFO : iteration: 18
2017-08-31 11:47:58,188 : INFO : iteration: 17
2017-08-31 11:47:58,189 : INFO : iteration: 16
2017-08-31 11:47:58,190 : INFO : iteration: 15
2017-08-31 11:47:58,190 : INFO : iteration: 14
2017-08-31 11:47:58,191 : INFO : iteration: 13
2017-08-31 11:47:58,191 : INFO : iteration: 12
2017-08-31 11:47:58,192 : INFO : iteration: 11
2017-08-31 11:47:58,193 : INFO : iteration: 10
2017-08-31 11:47:58,193 : ERROR : An error message at 10
2017-08-31 11:47:58,194 : INFO : iteration: 9
2017-08-31 11:47:58,194 : INFO : iteration: 8
2017-08-31 11:47:58,196 : INFO : iteration: 7
2017-08-31 11:47:58,196 : INFO : iteration: 6
2017-08-31 11:47:58,197 : INFO : iteration: 5
2017-08-31 11:47:58,198 : INFO : iteration: 4
2017-08-31 11:47:58,198 : INFO : iteration: 3
2017-08-31 11:47:58,199 : INFO : iteration: 2
2017-08-31 11:47:58,199 : INFO : iteration: 1
2017-08-31 11:47:58,200 : INFO : iteration: 0
2017-08-31 11:47:58,200 : DEBUG : Done...
